
*** Running vivado
    with args -log design_1_debouncer_1_0.vds -m64 -product Vivado -mode batch -messageDb vivado.pb -notrace -source design_1_debouncer_1_0.tcl


****** Vivado v2025.1 (64-bit)
  **** SW Build 6140274 on Wed May 21 22:58:25 MDT 2025
  **** IP Build 6138677 on Thu May 22 03:10:11 MDT 2025
  **** SharedData Build 6139179 on Tue May 20 17:58:58 MDT 2025
  **** Start of session at: Mon Sep 15 18:57:29 2025
    ** Copyright 1986-2022 Xilinx, Inc. All Rights Reserved.
    ** Copyright 2022-2025 Advanced Micro Devices, Inc. All Rights Reserved.

source design_1_debouncer_1_0.tcl -notrace
create_project: Time (s): cpu = 00:00:16 ; elapsed = 00:00:05 . Memory (MB): peak = 1769.578 ; gain = 64.051 ; free physical = 3182 ; free virtual = 17583
INFO: [IP_Flow 19-234] Refreshing IP repositories
INFO: [IP_Flow 19-1704] No user IP repositories specified
INFO: [IP_Flow 19-2313] Loaded Vivado IP repository '/tools/Xilinx/2025.1/Vivado/data/ip'.
Command: synth_design -top design_1_debouncer_1_0 -part xc7z020clg400-1 -incremental_mode off -mode out_of_context
Starting synth_design
Attempting to get a license for feature 'Synthesis' and/or device 'xc7z020'
INFO: [Common 17-349] Got license for feature 'Synthesis' and/or device 'xc7z020'
INFO: [Designutils 20-5008] Incremental synthesis strategy off
INFO: [Synth 8-7079] Multithreading enabled for synth_design using a maximum of 7 processes.
INFO: [Synth 8-7078] Launching helper process for spawning children vivado processes
INFO: [Synth 8-7075] Helper process launched with PID 56814
---------------------------------------------------------------------------------
Starting Synthesize : Time (s): cpu = 00:00:06 ; elapsed = 00:00:06 . Memory (MB): peak = 2157.422 ; gain = 387.844 ; free physical = 1302 ; free virtual = 15703
---------------------------------------------------------------------------------
INFO: [Synth 8-6157] synthesizing module 'design_1_debouncer_1_0' [/home/alireza/Uni/Computer-Engineering/Labs/1/Debouncer/Debouncer.gen/sources_1/bd/design_1/ip/design_1_debouncer_1_0/synth/design_1_debouncer_1_0.v:53]
INFO: [Synth 8-6157] synthesizing module 'debouncer' [/home/alireza/Uni/Computer-Engineering/Labs/1/Debouncer/Debouncer.srcs/sources_1/new/debouncer.v:23]
	Parameter DEBOUNCE_DELAY bound to: 100000 - type: integer 
INFO: [Synth 8-6155] done synthesizing module 'debouncer' (0#1) [/home/alireza/Uni/Computer-Engineering/Labs/1/Debouncer/Debouncer.srcs/sources_1/new/debouncer.v:23]
INFO: [Synth 8-6155] done synthesizing module 'design_1_debouncer_1_0' (0#1) [/home/alireza/Uni/Computer-Engineering/Labs/1/Debouncer/Debouncer.gen/sources_1/bd/design_1/ip/design_1_debouncer_1_0/synth/design_1_debouncer_1_0.v:53]
---------------------------------------------------------------------------------
Finished Synthesize : Time (s): cpu = 00:00:07 ; elapsed = 00:00:07 . Memory (MB): peak = 2229.391 ; gain = 459.812 ; free physical = 1060 ; free virtual = 15467
---------------------------------------------------------------------------------
---------------------------------------------------------------------------------
Finished Constraint Validation : Time (s): cpu = 00:00:08 ; elapsed = 00:00:08 . Memory (MB): peak = 2247.203 ; gain = 477.625 ; free physical = 1057 ; free virtual = 15467
---------------------------------------------------------------------------------
---------------------------------------------------------------------------------
Start Loading Part and Timing Information
---------------------------------------------------------------------------------
Loading part: xc7z020clg400-1
INFO: [Device 21-403] Loading part xc7z020clg400-1
---------------------------------------------------------------------------------
Finished Loading Part and Timing Information : Time (s): cpu = 00:00:08 ; elapsed = 00:00:08 . Memory (MB): peak = 2247.203 ; gain = 477.625 ; free physical = 1057 ; free virtual = 15466
---------------------------------------------------------------------------------
---------------------------------------------------------------------------------
Finished RTL Optimization Phase 2 : Time (s): cpu = 00:00:08 ; elapsed = 00:00:08 . Memory (MB): peak = 2256.109 ; gain = 486.531 ; free physical = 1023 ; free virtual = 15454
---------------------------------------------------------------------------------
No constraint files found.
---------------------------------------------------------------------------------
Start RTL Component Statistics 
---------------------------------------------------------------------------------
Detailed RTL Component Info : 
+---Registers : 
	                1 Bit    Registers := 3     
+---Muxes : 
	   2 Input    1 Bit        Muxes := 1     
---------------------------------------------------------------------------------
Finished RTL Component Statistics 
---------------------------------------------------------------------------------
---------------------------------------------------------------------------------
Start Part Resource Summary
---------------------------------------------------------------------------------
Part Resources:
DSPs: 220 (col length:60)
BRAMs: 280 (col length: RAMB18 60 RAMB36 30)
---------------------------------------------------------------------------------
Finished Part Resource Summary
---------------------------------------------------------------------------------
No constraint files found.
---------------------------------------------------------------------------------
Start Cross Boundary and Area Optimization
---------------------------------------------------------------------------------
WARNING: [Synth 8-7080] Parallel synthesis criteria is not met
---------------------------------------------------------------------------------
Finished Cross Boundary and Area Optimization : Time (s): cpu = 00:00:11 ; elapsed = 00:00:12 . Memory (MB): peak = 2412.016 ; gain = 642.438 ; free physical = 548 ; free virtual = 14985
---------------------------------------------------------------------------------
No constraint files found.
---------------------------------------------------------------------------------
Start Timing Optimization
---------------------------------------------------------------------------------
---------------------------------------------------------------------------------
Finished Timing Optimization : Time (s): cpu = 00:00:11 ; elapsed = 00:00:12 . Memory (MB): peak = 2412.016 ; gain = 642.438 ; free physical = 548 ; free virtual = 14985
---------------------------------------------------------------------------------
---------------------------------------------------------------------------------
Start Technology Mapping
---------------------------------------------------------------------------------
---------------------------------------------------------------------------------
Finished Technology Mapping : Time (s): cpu = 00:00:11 ; elapsed = 00:00:12 . Memory (MB): peak = 2412.016 ; gain = 642.438 ; free physical = 548 ; free virtual = 14985
---------------------------------------------------------------------------------
---------------------------------------------------------------------------------
Start IO Insertion
---------------------------------------------------------------------------------
---------------------------------------------------------------------------------
Start Flattening Before IO Insertion
---------------------------------------------------------------------------------
---------------------------------------------------------------------------------
Finished Flattening Before IO Insertion
---------------------------------------------------------------------------------
---------------------------------------------------------------------------------
Start Final Netlist Cleanup
---------------------------------------------------------------------------------
---------------------------------------------------------------------------------
Finished Final Netlist Cleanup
---------------------------------------------------------------------------------
---------------------------------------------------------------------------------
Finished IO Insertion : Time (s): cpu = 00:00:17 ; elapsed = 00:00:18 . Memory (MB): peak = 2580.828 ; gain = 811.250 ; free physical = 636 ; free virtual = 14965
---------------------------------------------------------------------------------
---------------------------------------------------------------------------------
Start Renaming Generated Instances
---------------------------------------------------------------------------------
---------------------------------------------------------------------------------
Finished Renaming Generated Instances : Time (s): cpu = 00:00:17 ; elapsed = 00:00:18 . Memory (MB): peak = 2580.828 ; gain = 811.250 ; free physical = 636 ; free virtual = 14965
---------------------------------------------------------------------------------
---------------------------------------------------------------------------------
Start Rebuilding User Hierarchy
---------------------------------------------------------------------------------
---------------------------------------------------------------------------------
Finished Rebuilding User Hierarchy : Time (s): cpu = 00:00:17 ; elapsed = 00:00:18 . Memory (MB): peak = 2580.828 ; gain = 811.250 ; free physical = 636 ; free virtual = 14965
---------------------------------------------------------------------------------
---------------------------------------------------------------------------------
Start Renaming Generated Ports
---------------------------------------------------------------------------------
---------------------------------------------------------------------------------
Finished Renaming Generated Ports : Time (s): cpu = 00:00:17 ; elapsed = 00:00:18 . Memory (MB): peak = 2580.828 ; gain = 811.250 ; free physical = 636 ; free virtual = 14965
---------------------------------------------------------------------------------
---------------------------------------------------------------------------------
Start Handling Custom Attributes
---------------------------------------------------------------------------------
---------------------------------------------------------------------------------
Finished Handling Custom Attributes : Time (s): cpu = 00:00:17 ; elapsed = 00:00:18 . Memory (MB): peak = 2580.828 ; gain = 811.250 ; free physical = 636 ; free virtual = 14965
---------------------------------------------------------------------------------
---------------------------------------------------------------------------------
Start Renaming Generated Nets
---------------------------------------------------------------------------------
---------------------------------------------------------------------------------
Finished Renaming Generated Nets : Time (s): cpu = 00:00:17 ; elapsed = 00:00:18 . Memory (MB): peak = 2580.828 ; gain = 811.250 ; free physical = 636 ; free virtual = 14965
---------------------------------------------------------------------------------
---------------------------------------------------------------------------------
Start Writing Synthesis Report
---------------------------------------------------------------------------------

Report BlackBoxes: 
+-+--------------+----------+
| |BlackBox name |Instances |
+-+--------------+----------+
+-+--------------+----------+

Report Cell Usage: 
+------+-------+------+
|      |Cell   |Count |
+------+-------+------+
|1     |CARRY4 |     5|
|2     |LUT1   |     1|
|3     |LUT4   |     1|
|4     |LUT6   |     3|
|5     |FDRE   |    20|
+------+-------+------+

Report Instance Areas: 
+------+---------+----------+------+
|      |Instance |Module    |Cells |
+------+---------+----------+------+
|1     |top      |          |    30|
|2     |  inst   |debouncer |    30|
+------+---------+----------+------+
---------------------------------------------------------------------------------
Finished Writing Synthesis Report : Time (s): cpu = 00:00:17 ; elapsed = 00:00:18 . Memory (MB): peak = 2580.828 ; gain = 811.250 ; free physical = 636 ; free virtual = 14965
---------------------------------------------------------------------------------
Synthesis finished with 0 errors, 0 critical warnings and 1 warnings.
Synthesis Optimization Runtime : Time (s): cpu = 00:00:17 ; elapsed = 00:00:18 . Memory (MB): peak = 2580.828 ; gain = 811.250 ; free physical = 636 ; free virtual = 14965
Synthesis Optimization Complete : Time (s): cpu = 00:00:17 ; elapsed = 00:00:18 . Memory (MB): peak = 2580.836 ; gain = 811.250 ; free physical = 636 ; free virtual = 14965
INFO: [Project 1-571] Translating synthesized netlist
Netlist sorting complete. Time (s): cpu = 00:00:00 ; elapsed = 00:00:00 . Memory (MB): peak = 2594.703 ; gain = 0.000 ; free physical = 609 ; free virtual = 14937
INFO: [Netlist 29-17] Analyzing 5 Unisim elements for replacement
INFO: [Netlist 29-28] Unisim Transformation completed in 0 CPU seconds
INFO: [Project 1-570] Preparing netlist for logic optimization
INFO: [Opt 31-138] Pushed 0 inverter(s) to 0 load pin(s).
Netlist sorting complete. Time (s): cpu = 00:00:00 ; elapsed = 00:00:00 . Memory (MB): peak = 2688.297 ; gain = 0.000 ; free physical = 510 ; free virtual = 14863
INFO: [Project 1-111] Unisim Transformation Summary:
No Unisim elements were transformed.

Synth Design complete | Checksum: 2ac73a0d
INFO: [Common 17-83] Releasing license: Synthesis
20 Infos, 1 Warnings, 0 Critical Warnings and 0 Errors encountered.
synth_design completed successfully
synth_design: Time (s): cpu = 00:00:25 ; elapsed = 00:00:24 . Memory (MB): peak = 2688.332 ; gain = 918.754 ; free physical = 510 ; free virtual = 14863
INFO: [Common 17-2834] synth_design peak Physical Memory [PSS] (MB): overall = 1549.313; main = 1549.313; forked = 210.621
INFO: [Common 17-2834] synth_design peak Virtual Memory [VSS] (MB): overall = 3879.324; main = 2688.301; forked = 1614.305
INFO: [Timing 38-35] Done setting XDC timing constraints.
Write ShapeDB Complete: Time (s): cpu = 00:00:00 ; elapsed = 00:00:00 . Memory (MB): peak = 2960.254 ; gain = 0.000 ; free physical = 308 ; free virtual = 14450
INFO: [Common 17-1381] The checkpoint '/home/alireza/Uni/Computer-Engineering/Labs/1/Debouncer/Debouncer.runs/design_1_debouncer_1_0_synth_1/design_1_debouncer_1_0.dcp' has been generated.
write_checkpoint: Time (s): cpu = 00:00:06 ; elapsed = 00:00:07 . Memory (MB): peak = 2960.254 ; gain = 271.922 ; free physical = 291 ; free virtual = 14432
INFO: [Vivado 12-24828] Executing command : report_utilization -file design_1_debouncer_1_0_utilization_synth.rpt -pb design_1_debouncer_1_0_utilization_synth.pb
INFO: [Common 17-206] Exiting Vivado at Mon Sep 15 18:58:08 2025...
